<?xml version="1.0" encoding="UTF-8"?>
<!-- Generated by org.testng.reporters.JUnitXMLReporter -->
<testsuite hostname="BDC6-DX-84HRX52" ignored="1" name="Practice grouping" tests="2" failures="0" timestamp="2020-01-23T11:00:33 IST" time="0.09" errors="0">
  <testcase name="CarTest" time="0.017" classname="day4.groupingtestng"/>
  <testcase name="Sedan1" time="0.001" classname="day4.groupingtestng"/>
  <testcase name="Scooters2" time="0.0" classname="day4.groupingtestng">
    <ignored/>
  </testcase> <!-- Scooters2 -->
</testsuite> <!-- Practice grouping -->
